This is pdfTeX, Version 3.141592653-2.6-1.40.26 (TeX Live 2024) (preloaded format=pdflatex 2024.7.27)  21 JUL 2025 18:59
entering extended mode
 restricted \write18 enabled.
 %&-line parsing enabled.
**1_premises.tex
(./1_premises.tex
LaTeX2e <2023-11-01> patch level 1
L3 programming layer <2024-02-20>
(/usr/local/texlive/2024/texmf-dist/tex/latex/base/book.cls
Document Class: book 2023/05/17 v1.4n Standard LaTeX document class
(/usr/local/texlive/2024/texmf-dist/tex/latex/base/bk11.clo
File: bk11.clo 2023/05/17 v1.4n Standard LaTeX file (size option)
)
\c@part=\count188
\c@chapter=\count189
\c@section=\count190
\c@subsection=\count191
\c@subsubsection=\count192
\c@paragraph=\count193
\c@subparagraph=\count194
\c@figure=\count195
\c@table=\count196
\abovecaptionskip=\skip48
\belowcaptionskip=\skip49
\bibindent=\dimen140
)
(/usr/local/texlive/2024/texmf-dist/tex/latex/parskip/parskip.sty
Package: parskip 2021-03-14 v2.0h non-zero parskip adjustments

(/usr/local/texlive/2024/texmf-dist/tex/latex/kvoptions/kvoptions.sty
Package: kvoptions 2022-06-15 v3.15 Key value format for package options (HO)

(/usr/local/texlive/2024/texmf-dist/tex/latex/graphics/keyval.sty
Package: keyval 2022/05/29 v1.15 key=value parser (DPC)
\KV@toks@=\toks17
)
(/usr/local/texlive/2024/texmf-dist/tex/generic/ltxcmds/ltxcmds.sty
Package: ltxcmds 2023-12-04 v1.26 LaTeX kernel commands for general use (HO)
)
(/usr/local/texlive/2024/texmf-dist/tex/latex/kvsetkeys/kvsetkeys.sty
Package: kvsetkeys 2022-10-05 v1.19 Key value parser (HO)
))
(/usr/local/texlive/2024/texmf-dist/tex/latex/etoolbox/etoolbox.sty
Package: etoolbox 2020/10/05 v2.5k e-TeX tools for LaTeX (JAW)
\etb@tempcnta=\count197
))
(/usr/local/texlive/2024/texmf-dist/tex/latex/geometry/geometry.sty
Package: geometry 2020/01/02 v5.9 Page Geometry

(/usr/local/texlive/2024/texmf-dist/tex/generic/iftex/ifvtex.sty
Package: ifvtex 2019/10/25 v1.7 ifvtex legacy package. Use iftex instead.

(/usr/local/texlive/2024/texmf-dist/tex/generic/iftex/iftex.sty
Package: iftex 2022/02/03 v1.0f TeX engine tests
))
\Gm@cnth=\count198
\Gm@cntv=\count199
\c@Gm@tempcnt=\count266
\Gm@bindingoffset=\dimen141
\Gm@wd@mp=\dimen142
\Gm@odd@mp=\dimen143
\Gm@even@mp=\dimen144
\Gm@layoutwidth=\dimen145
\Gm@layoutheight=\dimen146
\Gm@layouthoffset=\dimen147
\Gm@layoutvoffset=\dimen148
\Gm@dimlist=\toks18
)
(/usr/local/texlive/2024/texmf-dist/tex/latex/amsmath/amsmath.sty
Package: amsmath 2023/05/13 v2.17o AMS math features
\@mathmargin=\skip50

For additional information on amsmath, use the `?' option.
(/usr/local/texlive/2024/texmf-dist/tex/latex/amsmath/amstext.sty
Package: amstext 2021/08/26 v2.01 AMS text

(/usr/local/texlive/2024/texmf-dist/tex/latex/amsmath/amsgen.sty
File: amsgen.sty 1999/11/30 v2.0 generic functions
\@emptytoks=\toks19
\ex@=\dimen149
))
(/usr/local/texlive/2024/texmf-dist/tex/latex/amsmath/amsbsy.sty
Package: amsbsy 1999/11/29 v1.2d Bold Symbols
\pmbraise@=\dimen150
)
(/usr/local/texlive/2024/texmf-dist/tex/latex/amsmath/amsopn.sty
Package: amsopn 2022/04/08 v2.04 operator names
)
\inf@bad=\count267
LaTeX Info: Redefining \frac on input line 234.
\uproot@=\count268
\leftroot@=\count269
LaTeX Info: Redefining \overline on input line 399.
LaTeX Info: Redefining \colon on input line 410.
\classnum@=\count270
\DOTSCASE@=\count271
LaTeX Info: Redefining \ldots on input line 496.
LaTeX Info: Redefining \dots on input line 499.
LaTeX Info: Redefining \cdots on input line 620.
\Mathstrutbox@=\box51
\strutbox@=\box52
LaTeX Info: Redefining \big on input line 722.
LaTeX Info: Redefining \Big on input line 723.
LaTeX Info: Redefining \bigg on input line 724.
LaTeX Info: Redefining \Bigg on input line 725.
\big@size=\dimen151
LaTeX Font Info:    Redeclaring font encoding OML on input line 743.
LaTeX Font Info:    Redeclaring font encoding OMS on input line 744.
\macc@depth=\count272
LaTeX Info: Redefining \bmod on input line 905.
LaTeX Info: Redefining \pmod on input line 910.
LaTeX Info: Redefining \smash on input line 940.
LaTeX Info: Redefining \relbar on input line 970.
LaTeX Info: Redefining \Relbar on input line 971.
\c@MaxMatrixCols=\count273
\dotsspace@=\muskip16
\c@parentequation=\count274
\dspbrk@lvl=\count275
\tag@help=\toks20
\row@=\count276
\column@=\count277
\maxfields@=\count278
\andhelp@=\toks21
\eqnshift@=\dimen152
\alignsep@=\dimen153
\tagshift@=\dimen154
\tagwidth@=\dimen155
\totwidth@=\dimen156
\lineht@=\dimen157
\@envbody=\toks22
\multlinegap=\skip51
\multlinetaggap=\skip52
\mathdisplay@stack=\toks23
LaTeX Info: Redefining \[ on input line 2953.
LaTeX Info: Redefining \] on input line 2954.
)
(/usr/local/texlive/2024/texmf-dist/tex/latex/amsfonts/amssymb.sty
Package: amssymb 2013/01/14 v3.01 AMS font symbols

(/usr/local/texlive/2024/texmf-dist/tex/latex/amsfonts/amsfonts.sty
Package: amsfonts 2013/01/14 v3.01 Basic AMSFonts support
\symAMSa=\mathgroup4
\symAMSb=\mathgroup5
LaTeX Font Info:    Redeclaring math symbol \hbar on input line 98.
LaTeX Font Info:    Overwriting math alphabet `\mathfrak' in version `bold'
(Font)                  U/euf/m/n --> U/euf/b/n on input line 106.
))
(/usr/local/texlive/2024/texmf-dist/tex/latex/titling/titling.sty
Package: titling 2009/09/04 v2.1d maketitle typesetting
\thanksmarkwidth=\skip53
\thanksmargin=\skip54
\droptitle=\skip55
)
(/usr/local/texlive/2024/texmf-dist/tex/latex/graphics/graphicx.sty
Package: graphicx 2021/09/16 v1.2d Enhanced LaTeX Graphics (DPC,SPQR)

(/usr/local/texlive/2024/texmf-dist/tex/latex/graphics/graphics.sty
Package: graphics 2022/03/10 v1.4e Standard LaTeX Graphics (DPC,SPQR)

(/usr/local/texlive/2024/texmf-dist/tex/latex/graphics/trig.sty
Package: trig 2021/08/11 v1.11 sin cos tan (DPC)
)
(/usr/local/texlive/2024/texmf-dist/tex/latex/graphics-cfg/graphics.cfg
File: graphics.cfg 2016/06/04 v1.11 sample graphics configuration
)
Package graphics Info: Driver file: pdftex.def on input line 107.

(/usr/local/texlive/2024/texmf-dist/tex/latex/graphics-def/pdftex.def
File: pdftex.def 2022/09/22 v1.2b Graphics/color driver for pdftex
))
\Gin@req@height=\dimen158
\Gin@req@width=\dimen159
)
(/usr/local/texlive/2024/texmf-dist/tex/latex/adjustbox/adjustbox.sty
Package: adjustbox 2022/10/17 v1.3a Adjusting TeX boxes (trim, clip, ...)

(/usr/local/texlive/2024/texmf-dist/tex/latex/xkeyval/xkeyval.sty
Package: xkeyval 2022/06/16 v2.9 package option processing (HA)

(/usr/local/texlive/2024/texmf-dist/tex/generic/xkeyval/xkeyval.tex
(/usr/local/texlive/2024/texmf-dist/tex/generic/xkeyval/xkvutils.tex
\XKV@toks=\toks24
\XKV@tempa@toks=\toks25
)
\XKV@depth=\count279
File: xkeyval.tex 2014/12/03 v2.7a key=value parser (HA)
))
(/usr/local/texlive/2024/texmf-dist/tex/latex/adjustbox/adjcalc.sty
Package: adjcalc 2012/05/16 v1.1 Provides advanced setlength with multiple back
-ends (calc, etex, pgfmath)
)
(/usr/local/texlive/2024/texmf-dist/tex/latex/adjustbox/trimclip.sty
Package: trimclip 2020/08/19 v1.2 Trim and clip general TeX material

(/usr/local/texlive/2024/texmf-dist/tex/latex/collectbox/collectbox.sty
Package: collectbox 2022/10/17 v0.4c Collect macro arguments as boxes
\collectedbox=\box53
)
\tc@llx=\dimen160
\tc@lly=\dimen161
\tc@urx=\dimen162
\tc@ury=\dimen163
Package trimclip Info: Using driver 'tc-pdftex.def'.

(/usr/local/texlive/2024/texmf-dist/tex/latex/adjustbox/tc-pdftex.def
File: tc-pdftex.def 2019/01/04 v2.2 Clipping driver for pdftex
))
\adjbox@Width=\dimen164
\adjbox@Height=\dimen165
\adjbox@Depth=\dimen166
\adjbox@Totalheight=\dimen167
\adjbox@pwidth=\dimen168
\adjbox@pheight=\dimen169
\adjbox@pdepth=\dimen170
\adjbox@ptotalheight=\dimen171

(/usr/local/texlive/2024/texmf-dist/tex/latex/ifoddpage/ifoddpage.sty
Package: ifoddpage 2022/10/18 v1.2 Conditionals for odd/even page detection
\c@checkoddpage=\count280
)
(/usr/local/texlive/2024/texmf-dist/tex/latex/varwidth/varwidth.sty
Package: varwidth 2009/03/30 ver 0.92;  Variable-width minipages
\@vwid@box=\box54
\sift@deathcycles=\count281
\@vwid@loff=\dimen172
\@vwid@roff=\dimen173
))
(/usr/local/texlive/2024/texmf-dist/tex/latex/float/float.sty
Package: float 2001/11/08 v1.3d Float enhancements (AL)
\c@float@type=\count282
\float@exts=\toks26
\float@box=\box55
\@float@everytoks=\toks27
\@floatcapt=\box56
)
(/usr/local/texlive/2024/texmf-dist/tex/latex/xcolor/xcolor.sty
Package: xcolor 2023/11/15 v3.01 LaTeX color extensions (UK)

(/usr/local/texlive/2024/texmf-dist/tex/latex/graphics-cfg/color.cfg
File: color.cfg 2016/01/02 v1.6 sample color configuration
)
Package xcolor Info: Driver file: pdftex.def on input line 274.

(/usr/local/texlive/2024/texmf-dist/tex/latex/graphics/mathcolor.ltx)
Package xcolor Info: Model `cmy' substituted by `cmy0' on input line 1350.
Package xcolor Info: Model `hsb' substituted by `rgb' on input line 1354.
Package xcolor Info: Model `RGB' extended on input line 1366.
Package xcolor Info: Model `HTML' substituted by `rgb' on input line 1368.
Package xcolor Info: Model `Hsb' substituted by `hsb' on input line 1369.
Package xcolor Info: Model `tHsb' substituted by `hsb' on input line 1370.
Package xcolor Info: Model `HSB' substituted by `hsb' on input line 1371.
Package xcolor Info: Model `Gray' substituted by `gray' on input line 1372.
Package xcolor Info: Model `wave' substituted by `hsb' on input line 1373.
)
(/usr/local/texlive/2024/texmf-dist/tex/latex/hyperref/hyperref.sty
Package: hyperref 2024-01-20 v7.01h Hypertext links for LaTeX

(/usr/local/texlive/2024/texmf-dist/tex/generic/kvdefinekeys/kvdefinekeys.sty
Package: kvdefinekeys 2019-12-19 v1.6 Define keys (HO)
)
(/usr/local/texlive/2024/texmf-dist/tex/generic/pdfescape/pdfescape.sty
Package: pdfescape 2019/12/09 v1.15 Implements pdfTeX's escape features (HO)

(/usr/local/texlive/2024/texmf-dist/tex/generic/pdftexcmds/pdftexcmds.sty
Package: pdftexcmds 2020-06-27 v0.33 Utility functions of pdfTeX for LuaTeX (HO
)

(/usr/local/texlive/2024/texmf-dist/tex/generic/infwarerr/infwarerr.sty
Package: infwarerr 2019/12/03 v1.5 Providing info/warning/error messages (HO)
)
Package pdftexcmds Info: \pdf@primitive is available.
Package pdftexcmds Info: \pdf@ifprimitive is available.
Package pdftexcmds Info: \pdfdraftmode found.
))
(/usr/local/texlive/2024/texmf-dist/tex/latex/hycolor/hycolor.sty
Package: hycolor 2020-01-27 v1.10 Color options for hyperref/bookmark (HO)
)
(/usr/local/texlive/2024/texmf-dist/tex/latex/auxhook/auxhook.sty
Package: auxhook 2019-12-17 v1.6 Hooks for auxiliary files (HO)
)
(/usr/local/texlive/2024/texmf-dist/tex/latex/hyperref/nameref.sty
Package: nameref 2023-11-26 v2.56 Cross-referencing by name of section

(/usr/local/texlive/2024/texmf-dist/tex/latex/refcount/refcount.sty
Package: refcount 2019/12/15 v3.6 Data extraction from label references (HO)
)
(/usr/local/texlive/2024/texmf-dist/tex/generic/gettitlestring/gettitlestring.s
ty
Package: gettitlestring 2019/12/15 v1.6 Cleanup title references (HO)
)
\c@section@level=\count283
)
\@linkdim=\dimen174
\Hy@linkcounter=\count284
\Hy@pagecounter=\count285
 (/usr/local/texlive/2024/texmf-dist/tex/latex/hyperref/pd1enc.def
File: pd1enc.def 2024-01-20 v7.01h Hyperref: PDFDocEncoding definition (HO)
Now handling font encoding PD1 ...
... no UTF-8 mapping file for font encoding PD1
)
(/usr/local/texlive/2024/texmf-dist/tex/generic/intcalc/intcalc.sty
Package: intcalc 2019/12/15 v1.3 Expandable calculations with integers (HO)
)
\Hy@SavedSpaceFactor=\count286

(/usr/local/texlive/2024/texmf-dist/tex/latex/hyperref/puenc.def
File: puenc.def 2024-01-20 v7.01h Hyperref: PDF Unicode definition (HO)
Now handling font encoding PU ...
... no UTF-8 mapping file for font encoding PU
)
Package hyperref Info: Hyper figures OFF on input line 4179.
Package hyperref Info: Link nesting OFF on input line 4184.
Package hyperref Info: Hyper index ON on input line 4187.
Package hyperref Info: Plain pages OFF on input line 4194.
Package hyperref Info: Backreferencing OFF on input line 4199.
Package hyperref Info: Implicit mode ON; LaTeX internals redefined.
Package hyperref Info: Bookmarks ON on input line 4446.
\c@Hy@tempcnt=\count287

(/usr/local/texlive/2024/texmf-dist/tex/latex/url/url.sty
\Urlmuskip=\muskip17
Package: url 2013/09/16  ver 3.4  Verb mode for urls, etc.
)
LaTeX Info: Redefining \url on input line 4784.
\XeTeXLinkMargin=\dimen175

(/usr/local/texlive/2024/texmf-dist/tex/generic/bitset/bitset.sty
Package: bitset 2019/12/09 v1.3 Handle bit-vector datatype (HO)

(/usr/local/texlive/2024/texmf-dist/tex/generic/bigintcalc/bigintcalc.sty
Package: bigintcalc 2019/12/15 v1.5 Expandable calculations on big integers (HO
)
))
\Fld@menulength=\count288
\Field@Width=\dimen176
\Fld@charsize=\dimen177
Package hyperref Info: Hyper figures OFF on input line 6063.
Package hyperref Info: Link nesting OFF on input line 6068.
Package hyperref Info: Hyper index ON on input line 6071.
Package hyperref Info: backreferencing OFF on input line 6078.
Package hyperref Info: Link coloring OFF on input line 6083.
Package hyperref Info: Link coloring with OCG OFF on input line 6088.
Package hyperref Info: PDF/A mode OFF on input line 6093.

(/usr/local/texlive/2024/texmf-dist/tex/latex/base/atbegshi-ltx.sty
Package: atbegshi-ltx 2021/01/10 v1.0c Emulation of the original atbegshi
package with kernel methods
)
\Hy@abspage=\count289
\c@Item=\count290
\c@Hfootnote=\count291
)
Package hyperref Info: Driver (autodetected): hpdftex.

(/usr/local/texlive/2024/texmf-dist/tex/latex/hyperref/hpdftex.def
File: hpdftex.def 2024-01-20 v7.01h Hyperref driver for pdfTeX

(/usr/local/texlive/2024/texmf-dist/tex/latex/base/atveryend-ltx.sty
Package: atveryend-ltx 2020/08/19 v1.0a Emulation of the original atveryend pac
kage
with kernel methods
)
\Fld@listcount=\count292
\c@bookmark@seq@number=\count293

(/usr/local/texlive/2024/texmf-dist/tex/latex/rerunfilecheck/rerunfilecheck.sty
Package: rerunfilecheck 2022-07-10 v1.10 Rerun checks for auxiliary files (HO)

(/usr/local/texlive/2024/texmf-dist/tex/generic/uniquecounter/uniquecounter.sty
Package: uniquecounter 2019/12/15 v1.4 Provide unlimited unique counter (HO)
)
Package uniquecounter Info: New unique counter `rerunfilecheck' on input line 2
85.
)
\Hy@SectionHShift=\skip56
)
Package hyperref Info: Option `breaklinks' set `true' on input line 31.
Package hyperref Info: Option `colorlinks' set `true' on input line 31.
 (/usr/local/texlive/2024/texmf-dist/tex/latex/listings/listings.sty
\lst@mode=\count294
\lst@gtempboxa=\box57
\lst@token=\toks28
\lst@length=\count295
\lst@currlwidth=\dimen178
\lst@column=\count296
\lst@pos=\count297
\lst@lostspace=\dimen179
\lst@width=\dimen180
\lst@newlines=\count298
\lst@lineno=\count299
\lst@maxwidth=\dimen181

(/usr/local/texlive/2024/texmf-dist/tex/latex/listings/lstpatch.sty
File: lstpatch.sty 2024/02/21 1.10 (Carsten Heinz)
)
(/usr/local/texlive/2024/texmf-dist/tex/latex/listings/lstmisc.sty
File: lstmisc.sty 2024/02/21 1.10 (Carsten Heinz)
\c@lstnumber=\count300
\lst@skipnumbers=\count301
\lst@framebox=\box58
)
(/usr/local/texlive/2024/texmf-dist/tex/latex/listings/listings.cfg
File: listings.cfg 2024/02/21 1.10 listings configuration
))
Package: listings 2024/02/21 1.10 (Carsten Heinz)

(/usr/local/texlive/2024/texmf-dist/tex/latex/listings/lstlang1.sty
File: lstlang1.sty 2024/02/21 1.10 listings language file
)
(/usr/local/texlive/2024/texmf-dist/tex/latex/l3backend/l3backend-pdftex.def
File: l3backend-pdftex.def 2024-02-20 L3 backend support: PDF output (pdfTeX)
\l__color_backend_stack_int=\count302
\l__pdf_internal_box=\box59
)
(./1_premises.aux)
\openout1 = `1_premises.aux'.

LaTeX Font Info:    Checking defaults for OML/cmm/m/it on input line 59.
LaTeX Font Info:    ... okay on input line 59.
LaTeX Font Info:    Checking defaults for OMS/cmsy/m/n on input line 59.
LaTeX Font Info:    ... okay on input line 59.
LaTeX Font Info:    Checking defaults for OT1/cmr/m/n on input line 59.
LaTeX Font Info:    ... okay on input line 59.
LaTeX Font Info:    Checking defaults for T1/cmr/m/n on input line 59.
LaTeX Font Info:    ... okay on input line 59.
LaTeX Font Info:    Checking defaults for TS1/cmr/m/n on input line 59.
LaTeX Font Info:    ... okay on input line 59.
LaTeX Font Info:    Checking defaults for OMX/cmex/m/n on input line 59.
LaTeX Font Info:    ... okay on input line 59.
LaTeX Font Info:    Checking defaults for U/cmr/m/n on input line 59.
LaTeX Font Info:    ... okay on input line 59.
LaTeX Font Info:    Checking defaults for PD1/pdf/m/n on input line 59.
LaTeX Font Info:    ... okay on input line 59.
LaTeX Font Info:    Checking defaults for PU/pdf/m/n on input line 59.
LaTeX Font Info:    ... okay on input line 59.

*geometry* driver: auto-detecting
*geometry* detected driver: pdftex

Package geometry Warning: The marginal notes overrun the paper.
     Add 40.73001pt and more to the right margin.

*geometry* verbose mode - [ preamble ] result:
* driver: pdftex
* paper: a4paper
* layout: <same size as paper>
* layoutoffset:(h,v)=(0.0pt,0.0pt)
* modes: twoside 
* h-part:(L,W,R)=(72.26999pt, 452.9679pt, 72.26999pt)
* v-part:(T,H,B)=(72.26999pt, 700.50687pt, 72.26999pt)
* \paperwidth=597.50787pt
* \paperheight=845.04684pt
* \textwidth=452.9679pt
* \textheight=700.50687pt
* \oddsidemargin=0.0pt
* \evensidemargin=0.0pt
* \topmargin=-31.8738pt
* \headheight=12.0pt
* \headsep=19.8738pt
* \topskip=11.0pt
* \footskip=27.46295pt
* \marginparwidth=106.0pt
* \marginparsep=7.0pt
* \columnsep=10.0pt
* \skip\footins=10.0pt plus 4.0pt minus 2.0pt
* \hoffset=0.0pt
* \voffset=0.0pt
* \mag=1000
* \@twocolumnfalse
* \@twosidetrue
* \@mparswitchtrue
* \@reversemarginfalse
* (1in=72.27pt=25.4mm, 1cm=28.453pt)

(/usr/local/texlive/2024/texmf-dist/tex/context/base/mkii/supp-pdf.mkii
[Loading MPS to PDF converter (version 2006.09.02).]
\scratchcounter=\count303
\scratchdimen=\dimen182
\scratchbox=\box60
\nofMPsegments=\count304
\nofMParguments=\count305
\everyMPshowfont=\toks29
\MPscratchCnt=\count306
\MPscratchDim=\dimen183
\MPnumerator=\count307
\makeMPintoPDFobject=\count308
\everyMPtoPDFconversion=\toks30
) (/usr/local/texlive/2024/texmf-dist/tex/latex/epstopdf-pkg/epstopdf-base.sty
Package: epstopdf-base 2020-01-24 v2.11 Base part for package epstopdf
Package epstopdf-base Info: Redefining graphics rule for `.eps' on input line 4
85.

(/usr/local/texlive/2024/texmf-dist/tex/latex/latexconfig/epstopdf-sys.cfg
File: epstopdf-sys.cfg 2010/07/13 v1.3 Configuration of (r)epstopdf for TeX Liv
e
))
Package hyperref Info: Link coloring ON on input line 59.

(./1_premises.out) (./1_premises.out)
\@outlinefile=\write3
\openout3 = `1_premises.out'.

\c@lstlisting=\count309

Chapter 1.
<../img/tavolo.png, id=76, 189.70876pt x 156.585pt>
File: ../img/tavolo.png Graphic file (type png)
<use ../img/tavolo.png>
Package pdftex.def Info: ../img/tavolo.png  used on input line 78.
(pdftex.def)             Requested size: 189.70828pt x 156.58461pt.
<../img/pelle.png, id=77, 157.58875pt x 125.46875pt>
File: ../img/pelle.png Graphic file (type png)
<use ../img/pelle.png>
Package pdftex.def Info: ../img/pelle.png  used on input line 84.
(pdftex.def)             Requested size: 157.58835pt x 125.46843pt.
<../img/percezione.png, id=78, 151.56625pt x 136.51pt>
File: ../img/percezione.png Graphic file (type png)
<use ../img/percezione.png>
Package pdftex.def Info: ../img/percezione.png  used on input line 94.
(pdftex.def)             Requested size: 151.56587pt x 136.50966pt.
[1


{/usr/local/texlive/2024/texmf-var/fonts/map/pdftex/updmap/pdftex.map} <../img/
tavolo.png> <../img/pelle.png> <../img/percezione.png>]
<../img/musicervice.png, id=88, 121.45375pt x 92.345pt>
File: ../img/musicervice.png Graphic file (type png)
<use ../img/musicervice.png>
Package pdftex.def Info: ../img/musicervice.png  used on input line 122.
(pdftex.def)             Requested size: 121.45343pt x 92.34476pt.
<../img/pensiero.png, id=89, 154.5775pt x 200.75pt>
File: ../img/pensiero.png Graphic file (type png)
<use ../img/pensiero.png>
Package pdftex.def Info: ../img/pensiero.png  used on input line 136.
(pdftex.def)             Requested size: 154.5771pt x 200.7495pt.
 [2{/usr/local/texlive/2024/texmf-dist/fonts/enc/dvips/cm-super/cm-super-ts1.en
c} <../img/musicervice.png> <../img/pensiero.png>]
<../img/linguaggio.png, id=99, 138.5175pt x 143.53625pt>
File: ../img/linguaggio.png Graphic file (type png)
<use ../img/linguaggio.png>
Package pdftex.def Info: ../img/linguaggio.png  used on input line 179.
(pdftex.def)             Requested size: 138.51715pt x 143.53589pt.
<../img/prelinguistico.png, id=100, 161.60374pt x 191.71625pt>
File: ../img/prelinguistico.png Graphic file (type png)
<use ../img/prelinguistico.png>
Package pdftex.def Info: ../img/prelinguistico.png  used on input line 187.
(pdftex.def)             Requested size: 161.60335pt x 191.71577pt.
 [3 <../img/linguaggio.png> <../img/prelinguistico.png>]
LaTeX Font Info:    Trying to load font information for U+msa on input line 210
.
 (/usr/local/texlive/2024/texmf-dist/tex/latex/amsfonts/umsa.fd
File: umsa.fd 2013/01/14 v3.01 AMS symbols A
)
LaTeX Font Info:    Trying to load font information for U+msb on input line 210
.

(/usr/local/texlive/2024/texmf-dist/tex/latex/amsfonts/umsb.fd
File: umsb.fd 2013/01/14 v3.01 AMS symbols B
)
<../img/telefono.png, id=111, 160.6pt x 129.48375pt>
File: ../img/telefono.png Graphic file (type png)
<use ../img/telefono.png>
Package pdftex.def Info: ../img/telefono.png  used on input line 221.
(pdftex.def)             Requested size: 160.5996pt x 129.48341pt.
 [4 <../img/telefono.png>]
<../img/fonemi_2.png, id=119, 561.09625pt x 243.91125pt>
File: ../img/fonemi_2.png Graphic file (type png)
<use ../img/fonemi_2.png>
Package pdftex.def Info: ../img/fonemi_2.png  used on input line 276.
(pdftex.def)             Requested size: 561.09488pt x 243.91064pt.
<../img/nota.png, id=120, 260.975pt x 201.75375pt>
File: ../img/nota.png Graphic file (type png)
<use ../img/nota.png>
Package pdftex.def Info: ../img/nota.png  used on input line 282.
(pdftex.def)             Requested size: 260.97437pt x 201.75325pt.
<../img/inci.png, id=121, 189.70876pt x 63.23625pt>
File: ../img/inci.png Graphic file (type png)
<use ../img/inci.png>
Package pdftex.def Info: ../img/inci.png  used on input line 304.
(pdftex.def)             Requested size: 189.70828pt x 63.23608pt.
 [5 <../img/fonemi_2.png> <../img/nota.png> <../img/inci.png>]
Overfull \hbox (1.39676pt too wide) in paragraph at lines 325--326
[]\OT1/cmr/m/n/10.95 We have pre-vi-ously de-fined that mu-sic is not nec-es-sa
r-ily con-veyed through sound waves but...are
 []

<../img/ondenote.png, id=129, 1092.4181pt x 302.01253pt>
File: ../img/ondenote.png Graphic file (type png)
<use ../img/ondenote.png>
Package pdftex.def Info: ../img/ondenote.png  used on input line 332.
(pdftex.def)             Requested size: 1092.41545pt x 302.01178pt.
<../img/india.png, id=130, 350.30875pt x 200.24812pt>
File: ../img/india.png Graphic file (type png)
<use ../img/india.png>
Package pdftex.def Info: ../img/india.png  used on input line 340.
(pdftex.def)             Requested size: 350.30789pt x 200.24763pt.
<../img/rtmoindia.png, id=131, 1114.1625pt x 180.675pt>
File: ../img/rtmoindia.png Graphic file (type png)
<use ../img/rtmoindia.png>
Package pdftex.def Info: ../img/rtmoindia.png  used on input line 341.
(pdftex.def)             Requested size: 1114.15979pt x 180.67455pt.
<../img/intervalli.png, id=132, 1017.8025pt x 360.34625pt>
File: ../img/intervalli.png Graphic file (type png)
<use ../img/intervalli.png>
Package pdftex.def Info: ../img/intervalli.png  used on input line 347.
(pdftex.def)             Requested size: 1017.80003pt x 360.34537pt.
<../img/greg.png, id=133, 574.145pt x 519.9425pt>
File: ../img/greg.png Graphic file (type png)
<use ../img/greg.png>
Package pdftex.def Info: ../img/greg.png  used on input line 353.
(pdftex.def)             Requested size: 574.1436pt x 519.94124pt.
[6 <../img/ondenote.png> <../img/india.png> <../img/rtmoindia.png> <../img/inte
rvalli.png>]
<../img/analisische.png, id=140, 1066.7353pt x 425.33907pt>
File: ../img/analisische.png Graphic file (type png)
<use ../img/analisische.png>
Package pdftex.def Info: ../img/analisische.png  used on input line 367.
(pdftex.def)             Requested size: 1066.7327pt x 425.33801pt.
 [7 <../img/greg.png> <../img/analisische.png>]

LaTeX Warning: Hyper reference `meaning' on page 8 undefined on input line 392.


[8]
<../img/prenatale.png, id=161, 199.74625pt x 205.76875pt>
File: ../img/prenatale.png Graphic file (type png)
<use ../img/prenatale.png>
Package pdftex.def Info: ../img/prenatale.png  used on input line 425.
(pdftex.def)             Requested size: 199.74576pt x 205.76823pt.
<../img/metro.png, id=162, 218.8175pt x 128.48pt>
File: ../img/metro.png Graphic file (type png)
<use ../img/metro.png>
Package pdftex.def Info: ../img/metro.png  used on input line 426.
(pdftex.def)             Requested size: 218.81696pt x 128.47968pt.
<../img/puzzle.png, id=164, 215.80624pt x 214.8025pt>
File: ../img/puzzle.png Graphic file (type png)
<use ../img/puzzle.png>
Package pdftex.def Info: ../img/puzzle.png  used on input line 442.
(pdftex.def)             Requested size: 215.80571pt x 214.80197pt.
 [9 <../img/prenatale.png> <../img/metro.png> <../img/puzzle.png>]
<../img/montagne.png, id=173, 198.7425pt x 184.69pt>
File: ../img/montagne.png Graphic file (type png)
<use ../img/montagne.png>
Package pdftex.def Info: ../img/montagne.png  used on input line 493.
(pdftex.def)             Requested size: 198.742pt x 184.68953pt.
<../img/nuvole.png, id=177, 167.62625pt x 129.48375pt>
File: ../img/nuvole.png Graphic file (type png)
<use ../img/nuvole.png>
Package pdftex.def Info: ../img/nuvole.png  used on input line 537.
(pdftex.def)             Requested size: 167.62582pt x 129.48341pt.
 [10 <../img/montagne.png>]
<../img/cartello.png, id=187, 175.65625pt x 204.765pt>
File: ../img/cartello.png Graphic file (type png)
<use ../img/cartello.png>
Package pdftex.def Info: ../img/cartello.png  used on input line 582.
(pdftex.def)             Requested size: 175.6558pt x 204.76448pt.
 [11 <../img/nuvole.png> <../img/cartello.png>]
<../img/parcheggio.png, id=197, 279.0425pt x 181.67876pt>
File: ../img/parcheggio.png Graphic file (type png)
<use ../img/parcheggio.png>
Package pdftex.def Info: ../img/parcheggio.png  used on input line 618.
(pdftex.def)             Requested size: 279.04181pt x 181.6783pt.
 [12 <../img/parcheggio.png>]
<../img/valore.png, id=206, 208.78pt x 149.55875pt>
File: ../img/valore.png Graphic file (type png)
<use ../img/valore.png>
Package pdftex.def Info: ../img/valore.png  used on input line 683.
(pdftex.def)             Requested size: 208.77946pt x 149.55838pt.
 [13 <../img/valore.png>]
<../img/neuro.png, id=214, 114.4275pt x 116.435pt>
File: ../img/neuro.png Graphic file (type png)
<use ../img/neuro.png>
Package pdftex.def Info: ../img/neuro.png  used on input line 722.
(pdftex.def)             Requested size: 114.42722pt x 116.43471pt.
 [14 <../img/neuro.png>]
Overfull \hbox (13.59393pt too wide) in paragraph at lines 760--761
[]\OT1/cmr/m/n/10.95 the vari-able re-sult of con-stant re-la-tion-ships be-twe
en smaller el-e-ments (mor-phemes, phonemes,
 []

<../img/beethoven.png, id=221, 150.5625pt x 177.66376pt>
File: ../img/beethoven.png Graphic file (type png)
<use ../img/beethoven.png>
Package pdftex.def Info: ../img/beethoven.png  used on input line 806.
(pdftex.def)             Requested size: 150.56212pt x 177.66331pt.
<../img/pubblico.png, id=222, 225.84375pt x 225.84375pt>
File: ../img/pubblico.png Graphic file (type png)
<use ../img/pubblico.png>
Package pdftex.def Info: ../img/pubblico.png  used on input line 807.
(pdftex.def)             Requested size: 225.84319pt x 225.84319pt.
<../img/score.png, id=223, 251.94125pt x 201.75375pt>
File: ../img/score.png Graphic file (type png)
<use ../img/score.png>
Package pdftex.def Info: ../img/score.png  used on input line 808.
(pdftex.def)             Requested size: 251.94063pt x 201.75325pt.
[15 <../img/beethoven.png> <../img/pubblico.png> <../img/score.png>]
<../img/rimandi.png, id=230, 181.67876pt x 134.5025pt>
File: ../img/rimandi.png Graphic file (type png)
<use ../img/rimandi.png>
Package pdftex.def Info: ../img/rimandi.png  used on input line 818.
(pdftex.def)             Requested size: 181.6783pt x 134.50215pt.
<../img/barocca.png, id=232, 173.64874pt x 203.76125pt>
File: ../img/barocca.png Graphic file (type png)
<use ../img/barocca.png>
Package pdftex.def Info: ../img/barocca.png  used on input line 855.
(pdftex.def)             Requested size: 173.64832pt x 203.76074pt.
<../img/moderna.png, id=233, 189.70876pt x 110.4125pt>
File: ../img/moderna.png Graphic file (type png)
<use ../img/moderna.png>
Package pdftex.def Info: ../img/moderna.png  used on input line 856.
(pdftex.def)             Requested size: 189.70828pt x 110.41222pt.
<../img/indigeni.png, id=235, 114.4275pt x 110.4125pt>
File: ../img/indigeni.png Graphic file (type png)
<use ../img/indigeni.png>
Package pdftex.def Info: ../img/indigeni.png  used on input line 862.
(pdftex.def)             Requested size: 114.42722pt x 110.41222pt.
 [16 <../img/rimandi.png> <../img/barocca.png> <../img/moderna.png>]
<../img/acousma.png, id=243, 189.70876pt x 135.50626pt>
File: ../img/acousma.png Graphic file (type png)
<use ../img/acousma.png>
Package pdftex.def Info: ../img/acousma.png  used on input line 868.
(pdftex.def)             Requested size: 189.70828pt x 135.5059pt.
<../img/sony.png, id=244, 144.54pt x 128.48pt>
File: ../img/sony.png Graphic file (type png)
<use ../img/sony.png>
Package pdftex.def Info: ../img/sony.png  used on input line 869.
(pdftex.def)             Requested size: 144.53963pt x 128.47968pt.
<../img/trattato.png, id=245, 140.525pt x 144.54pt>
File: ../img/trattato.png Graphic file (type png)
<use ../img/trattato.png>
Package pdftex.def Info: ../img/trattato.png  used on input line 883.
(pdftex.def)             Requested size: 140.52464pt x 144.53963pt.
<../img/frasemus.png, id=246, 393.8715pt x 227.8914pt>
File: ../img/frasemus.png Graphic file (type png)
<use ../img/frasemus.png>
Package pdftex.def Info: ../img/frasemus.png  used on input line 889.
(pdftex.def)             Requested size: 393.87053pt x 227.89084pt.
 [17 <../img/indigeni.png> <../img/acousma.png> <../img/sony.png> <../img/tratt
ato.png> <../img/frasemus.png>]
<../img/lineatempo.png, id=256, 1938.24126pt x 1065.9825pt>
File: ../img/lineatempo.png Graphic file (type png)
<use ../img/lineatempo.png>
Package pdftex.def Info: ../img/lineatempo.png  used on input line 901.
(pdftex.def)             Requested size: 1938.23654pt x 1065.9799pt.
 [18 <../img/lineatempo.png>] [19] (./1_premises.aux)
 ***********
LaTeX2e <2023-11-01> patch level 1
L3 programming layer <2024-02-20>
 ***********


LaTeX Warning: There were undefined references.

Package rerunfilecheck Info: File `1_premises.out' has not changed.
(rerunfilecheck)             Checksum: AB048D7EDC5977032506E29B6862ECE5;2927.
 ) 
Here is how much of TeX's memory you used:
 13538 strings out of 474116
 210115 string characters out of 5743682
 1937187 words of memory out of 5000000
 35672 multiletter control sequences out of 15000+600000
 566188 words of font info for 65 fonts, out of 8000000 for 9000
 1141 hyphenation exceptions out of 8191
 69i,6n,79p,642b,501s stack positions out of 10000i,1000n,20000p,200000b,200000s
</usr/local/texlive/2024/texmf-dist/fonts/type1/public/amsfonts/cm/cmbx10.pfb
></usr/local/texlive/2024/texmf-dist/fonts/type1/public/amsfonts/cm/cmbx12.pfb>
</usr/local/texlive/2024/texmf-dist/fonts/type1/public/amsfonts/cm/cmr10.pfb></
usr/local/texlive/2024/texmf-dist/fonts/type1/public/amsfonts/cm/cmsl10.pfb></u
sr/local/texlive/2024/texmf-dist/fonts/type1/public/amsfonts/cm/cmsy10.pfb></us
r/local/texlive/2024/texmf-dist/fonts/type1/public/amsfonts/cm/cmti10.pfb></usr
/local/texlive/2024/texmf-dist/fonts/type1/public/cm-super/sfrm1095.pfb>
Output written on 1_premises.pdf (19 pages, 3005782 bytes).
PDF statistics:
 313 PDF objects out of 1000 (max. 8388607)
 210 compressed objects within 3 object streams
 47 named destinations out of 1000 (max. 500000)
 335 words of extra memory for PDF output out of 10000 (max. 10000000)

